1723445552549	geckodriver	INFO	Listening on 127.0.0.1:57223
1723445555733	mozrunner::runner	INFO	Running command: "C:\\Users\\BVeeraragavan\\.cache\\selenium\\firefox\\win64\\129.0\\firefox.exe" "--marionette" "--remote-de ... "--remote-allow-hosts" "localhost" "-no-remote" "-profile" "C:\\Users\\BVEERA~1\\AppData\\Local\\Temp\\rust_mozprofileFo2twJ"
console.warn: services.settings: Ignoring preference override of remote settings server
console.warn: services.settings: Allow by setting MOZ_REMOTE_SETTINGS_DEVTOOLS=1 in the environment
Dynamically enable window occlusion 0
1723445556563	Marionette	INFO	Marionette enabled
1723445556850	Marionette	INFO	Listening on port 57396
WebDriver BiDi listening on ws://127.0.0.1:57224
Read port: 57396
1723445557067	RemoteAgent	WARN	TLS certificate errors will be ignored for this session
DevTools listening on ws://127.0.0.1:57224/devtools/browser/f819c9e6-9411-4f61-a5af-9232e01fcbda
1723445563320	Marionette	INFO	Stopped listening on port 57396
Dynamically enable window occlusion 1
!!! error running onStopped callback: TypeError: callback is not a function
JavaScript error: chrome://remote/content/marionette/cert.sys.mjs, line 47: NS_ERROR_NOT_AVAILABLE: Component returned failure code: 0x80040111 (NS_ERROR_NOT_AVAILABLE) [nsICertOverrideService.setDisableAllSecurityChecksAndLetAttackersInterceptMyData]
1723445563404	WebDriver BiDi	ERROR	Failed to stop protocol: [Exception... "Component returned failure code: 0x80040111 (NS_ERROR_NOT_AVAILABLE) [nsICertOverrideService.setDisableAllSecurityChecksAndLetAttackersInterceptMyData]"  nsresult: "0x80040111 (NS_ERROR_NOT_AVAILABLE)"  location: "JS frame :: chrome://remote/content/marionette/cert.sys.mjs :: allowAllCerts.disable :: line 47"  data: no] Stack trace: allowAllCerts.disable()@cert.sys.mjs:47
destroy()@Session.sys.mjs:280
deleteSession()@WebDriverBiDi.sys.mjs:174
stop()@WebDriverBiDi.sys.mjs:264
observe()@resource://gre/modules/AsyncShutdown.sys.mjs:569
